[2020-02-18 16:55:01.035] [exthost] [info] extension host started
[2020-02-18 16:55:01.074] [exthost] [info] ExtensionService#_doActivateExtension vscode.debug-auto-launch {"startup":true,"extensionId":{"value":"vscode.debug-auto-launch","_lower":"vscode.debug-auto-launch"},"activationEvent":"*"}
[2020-02-18 16:55:01.075] [exthost] [info] ExtensionService#loadCommonJSModule file:///usr/share/code/resources/app/extensions/debug-auto-launch/dist/extension
[2020-02-18 16:55:01.087] [exthost] [info] ExtensionService#_doActivateExtension vscode.emmet {"startup":true,"extensionId":{"value":"vscode.emmet","_lower":"vscode.emmet"},"activationEvent":"*"}
[2020-02-18 16:55:01.088] [exthost] [info] ExtensionService#loadCommonJSModule file:///usr/share/code/resources/app/extensions/emmet/dist/extension
[2020-02-18 16:55:01.137] [exthost] [info] ExtensionService#_doActivateExtension vscode.git {"startup":true,"extensionId":{"value":"vscode.git","_lower":"vscode.git"},"activationEvent":"*"}
[2020-02-18 16:55:01.138] [exthost] [info] ExtensionService#loadCommonJSModule file:///usr/share/code/resources/app/extensions/git/dist/main
[2020-02-18 16:55:01.207] [exthost] [info] ExtensionService#_doActivateExtension vscode.merge-conflict {"startup":true,"extensionId":{"value":"vscode.merge-conflict","_lower":"vscode.merge-conflict"},"activationEvent":"*"}
[2020-02-18 16:55:01.207] [exthost] [info] ExtensionService#loadCommonJSModule file:///usr/share/code/resources/app/extensions/merge-conflict/dist/extension
[2020-02-18 16:55:01.211] [exthost] [info] ExtensionService#_doActivateExtension vscode.search-result {"startup":true,"extensionId":{"value":"vscode.search-result","_lower":"vscode.search-result"},"activationEvent":"*"}
[2020-02-18 16:55:01.211] [exthost] [info] ExtensionService#loadCommonJSModule file:///usr/share/code/resources/app/extensions/search-result/dist/extension.js
[2020-02-18 16:55:01.219] [exthost] [info] ExtensionService#_doActivateExtension vscode.vscode-account {"startup":true,"extensionId":{"value":"vscode.vscode-account","_lower":"vscode.vscode-account"},"activationEvent":"*"}
[2020-02-18 16:55:01.219] [exthost] [info] ExtensionService#loadCommonJSModule file:///usr/share/code/resources/app/extensions/vscode-account/dist/extension.js
[2020-02-18 16:55:01.224] [exthost] [info] ExtensionService#_doActivateExtension alexiv.vscode-angular2-files {"startup":true,"extensionId":{"value":"alexiv.vscode-angular2-files","_lower":"alexiv.vscode-angular2-files"},"activationEvent":"*"}
[2020-02-18 16:55:01.224] [exthost] [info] ExtensionService#loadCommonJSModule file:///home/narayanan/.vscode/extensions/alexiv.vscode-angular2-files-1.6.2/out/src/extension
[2020-02-18 16:55:01.248] [exthost] [info] ExtensionService#_doActivateExtension dbaeumer.vscode-eslint {"startup":true,"extensionId":{"value":"dbaeumer.vscode-eslint","_lower":"dbaeumer.vscode-eslint"},"activationEvent":"*"}
[2020-02-18 16:55:01.248] [exthost] [info] ExtensionService#loadCommonJSModule file:///home/narayanan/.vscode/extensions/dbaeumer.vscode-eslint-2.0.15/client/out/extension
[2020-02-18 16:55:01.274] [exthost] [info] ExtensionService#_doActivateExtension mtxr.sqltools {"startup":true,"extensionId":{"value":"mtxr.sqltools","_lower":"mtxr.sqltools"},"activationEvent":"*"}
[2020-02-18 16:55:01.274] [exthost] [info] ExtensionService#loadCommonJSModule file:///home/narayanan/.vscode/extensions/mtxr.sqltools-0.21.6/extension.js
[2020-02-18 16:55:01.328] [exthost] [info] eager extensions activated
[2020-02-18 16:55:13.763] [exthost] [info] extension host started
[2020-02-18 16:55:13.786] [exthost] [info] ExtensionService#_doActivateExtension vscode.debug-auto-launch {"startup":true,"extensionId":{"value":"vscode.debug-auto-launch","_lower":"vscode.debug-auto-launch"},"activationEvent":"*"}
[2020-02-18 16:55:13.787] [exthost] [info] ExtensionService#loadCommonJSModule file:///usr/share/code/resources/app/extensions/debug-auto-launch/dist/extension
[2020-02-18 16:55:13.793] [exthost] [info] ExtensionService#_doActivateExtension vscode.emmet {"startup":true,"extensionId":{"value":"vscode.emmet","_lower":"vscode.emmet"},"activationEvent":"*"}
[2020-02-18 16:55:13.793] [exthost] [info] ExtensionService#loadCommonJSModule file:///usr/share/code/resources/app/extensions/emmet/dist/extension
[2020-02-18 16:55:13.811] [exthost] [info] ExtensionService#_doActivateExtension vscode.git {"startup":true,"extensionId":{"value":"vscode.git","_lower":"vscode.git"},"activationEvent":"*"}
[2020-02-18 16:55:13.811] [exthost] [info] ExtensionService#loadCommonJSModule file:///usr/share/code/resources/app/extensions/git/dist/main
[2020-02-18 16:55:13.873] [exthost] [info] ExtensionService#_doActivateExtension vscode.merge-conflict {"startup":true,"extensionId":{"value":"vscode.merge-conflict","_lower":"vscode.merge-conflict"},"activationEvent":"*"}
[2020-02-18 16:55:13.873] [exthost] [info] ExtensionService#loadCommonJSModule file:///usr/share/code/resources/app/extensions/merge-conflict/dist/extension
[2020-02-18 16:55:13.878] [exthost] [info] ExtensionService#_doActivateExtension vscode.search-result {"startup":true,"extensionId":{"value":"vscode.search-result","_lower":"vscode.search-result"},"activationEvent":"*"}
[2020-02-18 16:55:13.878] [exthost] [info] ExtensionService#loadCommonJSModule file:///usr/share/code/resources/app/extensions/search-result/dist/extension.js
[2020-02-18 16:55:13.881] [exthost] [info] ExtensionService#_doActivateExtension vscode.vscode-account {"startup":true,"extensionId":{"value":"vscode.vscode-account","_lower":"vscode.vscode-account"},"activationEvent":"*"}
[2020-02-18 16:55:13.881] [exthost] [info] ExtensionService#loadCommonJSModule file:///usr/share/code/resources/app/extensions/vscode-account/dist/extension.js
[2020-02-18 16:55:13.892] [exthost] [info] ExtensionService#_doActivateExtension alexiv.vscode-angular2-files {"startup":true,"extensionId":{"value":"alexiv.vscode-angular2-files","_lower":"alexiv.vscode-angular2-files"},"activationEvent":"*"}
[2020-02-18 16:55:13.892] [exthost] [info] ExtensionService#loadCommonJSModule file:///home/narayanan/.vscode/extensions/alexiv.vscode-angular2-files-1.6.2/out/src/extension
[2020-02-18 16:55:13.912] [exthost] [info] ExtensionService#_doActivateExtension dbaeumer.vscode-eslint {"startup":true,"extensionId":{"value":"dbaeumer.vscode-eslint","_lower":"dbaeumer.vscode-eslint"},"activationEvent":"*"}
[2020-02-18 16:55:13.912] [exthost] [info] ExtensionService#loadCommonJSModule file:///home/narayanan/.vscode/extensions/dbaeumer.vscode-eslint-2.0.15/client/out/extension
[2020-02-18 16:55:13.921] [exthost] [info] ExtensionService#_doActivateExtension mtxr.sqltools {"startup":true,"extensionId":{"value":"mtxr.sqltools","_lower":"mtxr.sqltools"},"activationEvent":"*"}
[2020-02-18 16:55:13.922] [exthost] [info] ExtensionService#loadCommonJSModule file:///home/narayanan/.vscode/extensions/mtxr.sqltools-0.21.6/extension.js
[2020-02-18 16:55:14.005] [exthost] [info] ExtensionService#_doActivateExtension vscode.npm {"startup":true,"extensionId":{"value":"vscode.npm","_lower":"vscode.npm"},"activationEvent":"workspaceContains:package.json"}
[2020-02-18 16:55:14.005] [exthost] [info] ExtensionService#loadCommonJSModule file:///usr/share/code/resources/app/extensions/npm/dist/main
[2020-02-18 16:55:14.426] [exthost] [info] eager extensions activated
[2020-02-18 16:56:57.136] [exthost] [info] ExtensionService#_doActivateExtension vscode.css-language-features {"startup":false,"extensionId":{"value":"vscode.css-language-features","_lower":"vscode.css-language-features"},"activationEvent":"onLanguage:css"}
[2020-02-18 16:56:57.136] [exthost] [info] ExtensionService#loadCommonJSModule file:///usr/share/code/resources/app/extensions/css-language-features/client/dist/cssMain
[2020-02-18 16:57:00.466] [exthost] [info] ExtensionService#_doActivateExtension vscode.html-language-features {"startup":false,"extensionId":{"value":"vscode.html-language-features","_lower":"vscode.html-language-features"},"activationEvent":"onLanguage:html"}
[2020-02-18 16:57:00.466] [exthost] [info] ExtensionService#loadCommonJSModule file:///usr/share/code/resources/app/extensions/html-language-features/client/dist/htmlMain
[2020-02-18 16:57:04.076] [exthost] [info] ExtensionService#_doActivateExtension vscode.extension-editing {"startup":false,"extensionId":{"value":"vscode.extension-editing","_lower":"vscode.extension-editing"},"activationEvent":"onLanguage:typescript"}
[2020-02-18 16:57:04.076] [exthost] [info] ExtensionService#loadCommonJSModule file:///usr/share/code/resources/app/extensions/extension-editing/dist/extension
[2020-02-18 16:57:04.102] [exthost] [info] ExtensionService#_doActivateExtension vscode.typescript-language-features {"startup":false,"extensionId":{"value":"vscode.typescript-language-features","_lower":"vscode.typescript-language-features"},"activationEvent":"onLanguage:typescript"}
[2020-02-18 16:57:04.103] [exthost] [info] ExtensionService#loadCommonJSModule file:///usr/share/code/resources/app/extensions/typescript-language-features/dist/extension
[2020-02-18 16:57:11.863] [exthost] [info] ExtensionService#_doActivateExtension vscode.configuration-editing {"startup":false,"extensionId":{"value":"vscode.configuration-editing","_lower":"vscode.configuration-editing"},"activationEvent":"onLanguage:jsonc"}
[2020-02-18 16:57:11.863] [exthost] [info] ExtensionService#loadCommonJSModule file:///usr/share/code/resources/app/extensions/configuration-editing/dist/extension
[2020-02-18 16:57:11.873] [exthost] [info] ExtensionService#_doActivateExtension vscode.json-language-features {"startup":false,"extensionId":{"value":"vscode.json-language-features","_lower":"vscode.json-language-features"},"activationEvent":"onLanguage:jsonc"}
[2020-02-18 16:57:11.873] [exthost] [info] ExtensionService#loadCommonJSModule file:///usr/share/code/resources/app/extensions/json-language-features/client/dist/jsonMain
[2020-02-18 16:57:55.769] [exthost] [info] [vscode.typescript-language-features] UNSAVE result from 'resolveCompletionItem', extension SHOULD NOT change any of: additionalTextEdits, or command
[2020-02-18 16:57:59.412] [exthost] [warning] INVALID text edit -> must have at least a label
[2020-02-18 16:58:07.438] [exthost] [warning] INVALID text edit -> must have at least a label
[2020-02-18 17:08:14.688] [exthost] [error] [vscode.typescript-language-features] provider FAILED
[2020-02-18 17:08:14.689] [exthost] [error] Error: DisposableStore is missing...
	at F._convertCompletionItem (/usr/share/code/resources/app/out/vs/workbench/services/extensions/node/extensionHostProcess.js:589:986)
	at /usr/share/code/resources/app/out/vs/workbench/services/extensions/node/extensionHostProcess.js:589:764
[2020-02-18 18:26:44.480] [exthost] [info] ExtensionService#_doActivateExtension ms-vscode-remote.remote-containers {"startup":false,"extensionId":{"value":"ms-vscode-remote.remote-containers","_lower":"ms-vscode-remote.remote-containers"},"activationEvent":"onView:targetsContainers"}
[2020-02-18 18:26:44.481] [exthost] [info] ExtensionService#loadCommonJSModule file:///home/narayanan/.vscode/extensions/ms-vscode-remote.remote-containers-0.101.0/dist/extension
[2020-02-18 18:26:45.317] [exthost] [info] ExtensionService#_doActivateExtension ms-mssql.mssql {"startup":false,"extensionId":{"value":"ms-mssql.mssql","_lower":"ms-mssql.mssql"},"activationEvent":"onView:objectExplorer"}
[2020-02-18 18:26:45.317] [exthost] [info] ExtensionService#loadCommonJSModule file:///home/narayanan/.vscode/extensions/ms-mssql.mssql-1.8.0/out/src/extension
[2020-02-18 18:26:52.423] [exthost] [error] Activating extension ms-mssql.mssql failed due to an error:
[2020-02-18 18:26:52.423] [exthost] [error] Error: unexpected end of file
	at Zlib.zlibOnError [as onerror] (zlib.js:168:17)
[2020-02-18 18:26:58.630] [exthost] [info] ExtensionService#_doActivateExtension KnisterPeter.vscode-github {"startup":false,"extensionId":{"value":"KnisterPeter.vscode-github","_lower":"knisterpeter.vscode-github"},"activationEvent":"*"}
[2020-02-18 18:26:58.630] [exthost] [info] ExtensionService#loadCommonJSModule file:///home/narayanan/.vscode/extensions/knisterpeter.vscode-github-0.30.3/out/src/main
